TN:
SF:src\component\SubTasksHeader.jsx
FN:3,SubTasksHeader
FNF:1
FNH:1
FNDA:10,SubTasksHeader
DA:1,1
DA:3,1
DA:4,10
DA:5,10
DA:8,10
DA:9,10
DA:10,10
DA:11,10
DA:12,10
DA:14,10
DA:15,10
DA:16,10
DA:17,10
DA:18,10
DA:19,10
DA:22,10
DA:24,10
DA:26,1
LF:18
LH:18
BRDA:3,0,0,10
BRDA:16,1,0,0
BRF:2
BRH:1
end_of_record
TN:
SF:src\component\SubTasksListing.jsx
FN:4,SubTasksListing
FN:7,toggleCheck
FNF:2
FNH:1
FNDA:20,SubTasksListing
FNDA:0,toggleCheck
DA:1,1
DA:2,1
DA:4,1
DA:5,20
DA:7,20
DA:8,0
DA:9,0
DA:11,20
DA:12,20
DA:13,20
DA:14,20
DA:15,20
DA:16,20
DA:17,20
DA:18,20
DA:19,20
DA:20,20
DA:21,20
DA:22,20
DA:23,20
DA:26,20
DA:28,20
DA:30,20
DA:35,20
DA:37,1
LF:25
LH:23
BRDA:4,0,0,20
BRDA:21,1,0,0
BRF:2
BRH:1
end_of_record
TN:
SF:src\component\TasksListing.jsx
FN:1,(empty-report)
FNF:1
FNH:0
FNDA:0,(empty-report)
DA:1,0
DA:2,0
DA:4,0
DA:5,0
DA:8,0
DA:9,0
DA:10,0
DA:13,0
DA:14,0
DA:17,0
DA:18,0
DA:19,0
DA:20,0
DA:21,0
DA:22,0
DA:27,0
DA:30,0
DA:31,0
DA:32,0
DA:33,0
DA:34,0
DA:36,0
DA:38,0
DA:40,0
LF:24
LH:0
BRDA:1,0,0,0
BRF:1
BRH:0
end_of_record
TN:
SF:src\pages\FirstPage.jsx
FN:1,(empty-report)
FNF:1
FNH:0
FNDA:0,(empty-report)
DA:1,0
DA:2,0
DA:3,0
DA:4,0
DA:5,0
DA:6,0
DA:8,0
DA:9,0
DA:11,0
DA:12,0
DA:13,0
DA:14,0
DA:16,0
DA:17,0
DA:19,0
DA:20,0
DA:21,0
DA:22,0
DA:23,0
DA:24,0
DA:25,0
DA:26,0
DA:27,0
DA:30,0
DA:31,0
DA:32,0
DA:33,0
DA:34,0
DA:35,0
DA:36,0
DA:37,0
DA:38,0
DA:41,0
DA:43,0
DA:44,0
DA:45,0
DA:46,0
DA:47,0
DA:49,0
DA:50,0
DA:51,0
DA:52,0
DA:54,0
DA:56,0
LF:44
LH:0
BRDA:1,0,0,0
BRF:1
BRH:0
end_of_record
TN:
SF:src\pages\HomePage.jsx
FN:1,(empty-report)
FNF:1
FNH:0
FNDA:0,(empty-report)
DA:1,0
DA:2,0
DA:3,0
DA:4,0
DA:5,0
DA:6,0
DA:7,0
DA:8,0
DA:9,0
DA:11,0
DA:12,0
DA:13,0
DA:14,0
DA:15,0
DA:16,0
DA:17,0
DA:18,0
DA:19,0
DA:21,0
DA:22,0
DA:23,0
DA:25,0
DA:26,0
DA:28,0
DA:29,0
DA:30,0
DA:31,0
DA:33,0
DA:34,0
DA:35,0
DA:36,0
DA:37,0
DA:38,0
DA:39,0
DA:40,0
DA:41,0
DA:43,0
DA:45,0
DA:47,0
DA:48,0
DA:49,0
DA:50,0
DA:52,0
DA:53,0
DA:54,0
DA:56,0
DA:57,0
DA:58,0
DA:59,0
DA:60,0
DA:61,0
DA:62,0
DA:63,0
DA:65,0
DA:66,0
DA:67,0
DA:68,0
DA:70,0
DA:71,0
DA:72,0
DA:73,0
DA:74,0
DA:75,0
DA:77,0
DA:78,0
DA:79,0
DA:80,0
DA:81,0
DA:82,0
DA:83,0
DA:84,0
DA:85,0
DA:86,0
DA:87,0
DA:88,0
DA:89,0
DA:90,0
DA:91,0
DA:93,0
DA:94,0
DA:95,0
DA:97,0
DA:99,0
DA:101,0
DA:102,0
DA:103,0
DA:104,0
DA:105,0
DA:106,0
DA:107,0
DA:108,0
DA:109,0
DA:110,0
DA:111,0
DA:112,0
DA:113,0
DA:114,0
DA:115,0
DA:116,0
DA:117,0
DA:118,0
DA:119,0
DA:121,0
DA:122,0
DA:123,0
DA:124,0
DA:125,0
DA:126,0
DA:127,0
DA:128,0
DA:129,0
DA:130,0
DA:131,0
DA:132,0
DA:133,0
DA:134,0
DA:135,0
DA:136,0
DA:137,0
DA:138,0
DA:140,0
DA:141,0
DA:142,0
DA:144,0
DA:145,0
DA:146,0
DA:147,0
DA:148,0
DA:149,0
DA:150,0
DA:151,0
DA:152,0
DA:154,0
DA:155,0
DA:156,0
DA:157,0
DA:158,0
DA:161,0
DA:162,0
DA:163,0
DA:164,0
DA:165,0
DA:166,0
DA:167,0
DA:168,0
DA:169,0
DA:170,0
DA:171,0
DA:172,0
DA:173,0
DA:174,0
DA:175,0
DA:176,0
DA:177,0
DA:178,0
DA:179,0
DA:180,0
DA:181,0
DA:182,0
DA:184,0
DA:185,0
DA:186,0
DA:187,0
DA:188,0
DA:189,0
DA:190,0
DA:191,0
DA:192,0
DA:193,0
DA:195,0
DA:196,0
DA:197,0
DA:198,0
DA:199,0
DA:202,0
DA:204,0
DA:205,0
DA:206,0
DA:207,0
DA:209,0
DA:210,0
DA:211,0
DA:213,0
DA:215,0
DA:216,0
DA:217,0
DA:219,0
DA:221,0
LF:188
LH:0
BRDA:1,0,0,0
BRF:1
BRH:0
end_of_record
TN:
SF:src\pages\Login.jsx
FN:9,Login
FN:14,loginForm
FN:81,onChange
FN:89,onChange
FNF:4
FNH:4
FNDA:14,Login
FNDA:4,loginForm
FNDA:4,onChange
FNDA:4,onChange
DA:1,1
DA:2,1
DA:3,1
DA:4,1
DA:5,1
DA:6,1
DA:7,1
DA:9,1
DA:10,14
DA:11,14
DA:12,14
DA:14,14
DA:15,4
DA:17,4
DA:18,4
DA:20,4
DA:21,4
DA:22,4
DA:24,4
DA:25,4
DA:26,4
DA:28,4
DA:29,2
DA:31,2
DA:32,2
DA:33,2
DA:34,2
DA:36,4
DA:37,0
DA:38,0
DA:39,4
DA:41,14
DA:42,14
DA:44,14
DA:45,14
DA:46,210
DA:47,210
DA:48,210
DA:49,210
DA:50,210
DA:51,210
DA:52,14
DA:55,14
DA:56,210
DA:57,210
DA:58,210
DA:59,210
DA:60,210
DA:61,210
DA:62,14
DA:63,14
DA:66,14
DA:67,14
DA:69,14
DA:70,14
DA:71,14
DA:72,14
DA:73,14
DA:76,14
DA:77,14
DA:78,14
DA:79,14
DA:80,14
DA:81,14
DA:82,14
DA:83,14
DA:84,14
DA:85,14
DA:86,14
DA:87,14
DA:88,14
DA:89,14
DA:90,14
DA:91,14
DA:92,14
DA:94,14
DA:95,14
DA:96,14
DA:97,14
DA:99,14
DA:100,14
DA:103,14
DA:104,14
DA:105,14
DA:107,14
DA:108,14
DA:110,14
DA:111,14
DA:112,14
DA:113,14
DA:115,14
DA:117,1
LF:92
LH:90
BRDA:9,0,0,14
BRDA:14,1,0,4
BRDA:28,2,0,2
BRDA:36,3,0,0
BRDA:25,4,0,4
BRDA:25,5,0,2
BRDA:45,6,0,210
BRDA:55,7,0,210
BRDA:81,8,0,4
BRDA:89,9,0,4
BRF:10
BRH:9
end_of_record
TN:
SF:src\pages\PrivateRoute.jsx
FN:1,(empty-report)
FNF:1
FNH:1
FNDA:1,(empty-report)
DA:2,0
DA:3,0
DA:5,0
DA:6,0
DA:8,0
DA:10,0
DA:11,0
DA:13,0
DA:14,0
DA:16,0
LF:10
LH:0
BRDA:1,0,0,1
BRF:1
BRH:1
end_of_record
TN:
SF:src\pages\Register.jsx
FN:1,(empty-report)
FNF:1
FNH:0
FNDA:0,(empty-report)
DA:1,0
DA:2,0
DA:3,0
DA:4,0
DA:5,0
DA:6,0
DA:8,0
DA:9,0
DA:10,0
DA:11,0
DA:12,0
DA:14,0
DA:15,0
DA:17,0
DA:18,0
DA:19,0
DA:20,0
DA:22,0
DA:23,0
DA:24,0
DA:25,0
DA:26,0
DA:27,0
DA:28,0
DA:29,0
DA:30,0
DA:31,0
DA:32,0
DA:33,0
DA:35,0
DA:36,0
DA:37,0
DA:38,0
DA:39,0
DA:40,0
DA:41,0
DA:42,0
DA:43,0
DA:44,0
DA:45,0
DA:47,0
DA:48,0
DA:50,0
DA:51,0
DA:52,0
DA:53,0
DA:54,0
DA:55,0
DA:56,0
DA:57,0
DA:58,0
DA:61,0
DA:62,0
DA:63,0
DA:64,0
DA:65,0
DA:66,0
DA:67,0
DA:68,0
DA:69,0
DA:72,0
DA:73,0
DA:75,0
DA:76,0
DA:77,0
DA:78,0
DA:79,0
DA:82,0
DA:83,0
DA:84,0
DA:85,0
DA:86,0
DA:87,0
DA:88,0
DA:89,0
DA:90,0
DA:91,0
DA:92,0
DA:93,0
DA:94,0
DA:95,0
DA:96,0
DA:97,0
DA:98,0
DA:99,0
DA:100,0
DA:101,0
DA:102,0
DA:103,0
DA:104,0
DA:105,0
DA:106,0
DA:108,0
DA:109,0
DA:110,0
DA:111,0
DA:113,0
DA:114,0
DA:116,0
DA:117,0
DA:118,0
DA:119,0
DA:121,0
DA:123,0
LF:104
LH:0
BRDA:1,0,0,0
BRF:1
BRH:0
end_of_record
TN:
SF:src\pages\TaskPage.jsx
FN:12,TaskPage
FN:21,deleteSubTask
FN:34,addTask
FN:37,addTaskData
FN:59,handleLogout
FN:109,onClick
FN:128,onChange
FN:162,taskLoader
FNF:8
FNH:7
FNDA:20,TaskPage
FNDA:2,deleteSubTask
FNDA:4,addTask
FNDA:2,addTaskData
FNDA:2,handleLogout
FNDA:2,onClick
FNDA:2,onChange
FNDA:0,taskLoader
DA:1,1
DA:2,1
DA:3,1
DA:4,1
DA:5,1
DA:6,1
DA:7,1
DA:8,1
DA:9,1
DA:10,1
DA:12,1
DA:13,20
DA:14,20
DA:15,20
DA:16,20
DA:17,20
DA:18,20
DA:19,20
DA:21,20
DA:23,2
DA:26,2
DA:27,2
DA:28,2
DA:29,2
DA:31,2
DA:32,2
DA:34,20
DA:35,4
DA:36,4
DA:37,20
DA:38,2
DA:40,2
DA:41,2
DA:42,2
DA:43,2
DA:44,2
DA:45,2
DA:47,2
DA:50,2
DA:51,2
DA:52,2
DA:53,2
DA:55,2
DA:56,2
DA:57,2
DA:58,2
DA:59,20
DA:60,2
DA:61,2
DA:62,2
DA:64,20
DA:65,20
DA:67,20
DA:68,20
DA:69,300
DA:70,300
DA:71,300
DA:72,300
DA:73,300
DA:74,300
DA:75,20
DA:78,20
DA:79,300
DA:80,300
DA:81,300
DA:82,300
DA:83,300
DA:84,300
DA:85,20
DA:86,20
DA:87,20
DA:88,20
DA:89,20
DA:90,20
DA:92,20
DA:93,20
DA:94,20
DA:95,20
DA:96,20
DA:97,20
DA:98,20
DA:100,20
DA:102,20
DA:103,20
DA:104,40
DA:105,40
DA:106,40
DA:107,40
DA:108,40
DA:109,40
DA:111,40
DA:112,40
DA:114,40
DA:115,40
DA:116,20
DA:119,20
DA:120,6
DA:121,6
DA:122,6
DA:125,6
DA:126,6
DA:127,6
DA:128,6
DA:129,6
DA:130,6
DA:131,6
DA:132,6
DA:133,6
DA:134,6
DA:135,6
DA:137,6
DA:141,6
DA:142,6
DA:143,6
DA:144,6
DA:148,20
DA:149,20
DA:150,20
DA:151,20
DA:153,20
DA:154,20
DA:155,20
DA:157,20
DA:158,20
DA:160,20
DA:162,1
DA:163,0
DA:164,0
DA:165,0
DA:166,0
DA:167,0
DA:168,0
DA:169,0
DA:170,0
DA:171,0
DA:172,0
DA:173,0
DA:174,0
DA:175,0
LF:139
LH:126
BRDA:12,0,0,20
BRDA:119,1,0,6
BRDA:21,2,0,2
BRDA:26,3,0,2
BRDA:28,4,0,4
BRDA:34,5,0,4
BRDA:37,6,0,2
BRDA:50,7,0,2
BRDA:59,8,0,2
BRDA:68,9,0,300
BRDA:78,10,0,300
BRDA:103,11,0,40
BRDA:105,12,0,0
BRDA:109,13,0,2
BRDA:128,14,0,2
BRF:15
BRH:14
end_of_record
